<?xml version="1.0" encoding="UTF-8"?>
<!-- Generated by org.testng.reporters.JUnitXMLReporter -->
<testsuite ignored="2" hostname="DESKTOP-RARCBNQ" failures="0" tests="1" name="Default test" time="4.909" errors="0" timestamp="2022-08-27T12:16:57 WIB">
  <testcase classname="com.juaracoding.rest.assured.TestGetProduct" name="testID" time="4.875"/>
  <testcase classname="com.juaracoding.rest.assured.TestGetProduct" name="testStatusCode" time="0.0">
    <ignored/>
  </testcase> <!-- testStatusCode -->
  <testcase classname="com.juaracoding.rest.assured.TestGetProduct" name="testCategory" time="0.0">
    <ignored/>
  </testcase> <!-- testCategory -->
</testsuite> <!-- Default test -->
