<?xml version="1.0" encoding="UTF-8"?>
<testng-results ignored="0" total="1" passed="1" failed="0" skipped="0">
  <reporter-output>
  </reporter-output>
  <suite started-at="2022-08-25T00:04:11 WIB" name="Default suite" finished-at="2022-08-25T00:04:14 WIB" duration-ms="3012">
    <groups>
    </groups>
    <test started-at="2022-08-25T00:04:11 WIB" name="Default test" finished-at="2022-08-25T00:04:14 WIB" duration-ms="3012">
      <class name="com.juaracoding.rest.assured.TestPostProduct">
        <test-method signature="testPost()[pri:0, instance:com.juaracoding.rest.assured.TestPostProduct@778d1062]" started-at="2022-08-25T00:04:11 WIB" name="testPost" finished-at="2022-08-25T00:04:14 WIB" duration-ms="2981" status="PASS">
          <reporter-output>
          </reporter-output>
        </test-method> <!-- testPost -->
      </class> <!-- com.juaracoding.rest.assured.TestPostProduct -->
    </test> <!-- Default test -->
  </suite> <!-- Default suite -->
</testng-results>
