<?xml version="1.0" encoding="UTF-8"?>
<testng-results ignored="2" total="3" passed="1" failed="0" skipped="0">
  <reporter-output>
  </reporter-output>
  <suite started-at="2022-08-27T12:16:52 WIB" name="Default suite" finished-at="2022-08-27T12:16:57 WIB" duration-ms="4909">
    <groups>
    </groups>
    <test started-at="2022-08-27T12:16:52 WIB" name="Default test" finished-at="2022-08-27T12:16:57 WIB" duration-ms="4909">
      <class name="com.juaracoding.rest.assured.TestGetProduct">
        <test-method signature="testID()[pri:0, instance:com.juaracoding.rest.assured.TestGetProduct@1f0f1111]" started-at="2022-08-27T12:16:52 WIB" name="testID" finished-at="2022-08-27T12:16:57 WIB" duration-ms="4875" status="PASS">
          <reporter-output>
          </reporter-output>
        </test-method> <!-- testID -->
      </class> <!-- com.juaracoding.rest.assured.TestGetProduct -->
    </test> <!-- Default test -->
  </suite> <!-- Default suite -->
</testng-results>
